<?xml version="1.0" encoding="UTF-8"?>
<testng-results skipped="0" failed="0" total="3" passed="3">
  <reporter-output>
  </reporter-output>
  <suite name="Default suite" duration-ms="52111" started-at="2019-04-24T04:45:12Z" finished-at="2019-04-24T04:46:04Z">
    <groups>
    </groups>
    <test name="Default test" duration-ms="52111" started-at="2019-04-24T04:45:12Z" finished-at="2019-04-24T04:46:04Z">
      <class name="tests.DataProviderExample">
        <test-method status="PASS" signature="test(java.lang.String, java.lang.String)[pri:0, instance:tests.DataProviderExample@2ef5e5e3]" name="test" duration-ms="24426" started-at="2019-04-24T10:15:13Z" data-provider="Authentication" finished-at="2019-04-24T10:15:37Z">
          <params>
            <param index="0">
              <value>
                <![CDATA[Rahul]]>
              </value>
            </param>
            <param index="1">
              <value>
                <![CDATA[rah123]]>
              </value>
            </param>
          </params>
          <reporter-output>
          </reporter-output>
        </test-method> <!-- test -->
        <test-method status="PASS" signature="test(java.lang.String, java.lang.String)[pri:0, instance:tests.DataProviderExample@2ef5e5e3]" name="test" duration-ms="15262" started-at="2019-04-24T10:15:37Z" data-provider="Authentication" finished-at="2019-04-24T10:15:53Z">
          <params>
            <param index="0">
              <value>
                <![CDATA[Kavita]]>
              </value>
            </param>
            <param index="1">
              <value>
                <![CDATA[kav12]]>
              </value>
            </param>
          </params>
          <reporter-output>
          </reporter-output>
        </test-method> <!-- test -->
        <test-method status="PASS" signature="test(java.lang.String, java.lang.String)[pri:0, instance:tests.DataProviderExample@2ef5e5e3]" name="test" duration-ms="11562" started-at="2019-04-24T10:15:53Z" data-provider="Authentication" finished-at="2019-04-24T10:16:04Z">
          <params>
            <param index="0">
              <value>
                <![CDATA[ram]]>
              </value>
            </param>
            <param index="1">
              <value>
                <![CDATA[ram12]]>
              </value>
            </param>
          </params>
          <reporter-output>
          </reporter-output>
        </test-method> <!-- test -->
      </class> <!-- tests.DataProviderExample -->
    </test> <!-- Default test -->
  </suite> <!-- Default suite -->
</testng-results>
