<?xml version="1.0" encoding="UTF-8"?>
<!-- Generated by org.testng.reporters.JUnitXMLReporter -->
<testsuite hostname="HP" name="Default test" tests="3" failures="0" timestamp="24 Apr 2019 04:46:04 GMT" time="52.111" errors="0">
  <testcase name="test" time="24.426" classname="tests.DataProviderExample"/>
  <testcase name="test" time="15.262" classname="tests.DataProviderExample"/>
  <testcase name="test" time="11.562" classname="tests.DataProviderExample"/>
</testsuite> <!-- Default test -->
